info t=2019-02-11T06:35:00.026Z Cinnamon.AppSystem.get_default() started in 820 ms
info t=2019-02-11T06:35:00.045Z loading user theme: /usr/share/themes/Linux Mint/cinnamon/cinnamon.css
info t=2019-02-11T06:35:00.114Z added icon directory: /usr/share/themes/Linux Mint/cinnamon
info t=2019-02-11T06:35:00.510Z PlacesManager: Updating devices
info t=2019-02-11T06:35:00.575Z loaded at Mon Feb 11 2019 09:35:00 GMT+0300 (EAT)
info t=2019-02-11T06:35:00.644Z Loaded applet systray@cinnamon.org in 29 ms
info t=2019-02-11T06:35:01.879Z Loaded applet menu@cinnamon.org in 1229 ms
info t=2019-02-11T06:35:01.935Z Loaded applet show-desktop@cinnamon.org in 50 ms
info t=2019-02-11T06:35:02.113Z Role locked: panellauncher
info t=2019-02-11T06:35:02.114Z Loaded applet panel-launchers@cinnamon.org in 174 ms
info t=2019-02-11T06:35:02.156Z Loaded applet window-list@cinnamon.org in 36 ms
info t=2019-02-11T06:35:02.224Z Loaded applet keyboard@cinnamon.org in 62 ms
info t=2019-02-11T06:35:02.253Z Role locked: notifications
info t=2019-02-11T06:35:02.268Z Loaded applet notifications@cinnamon.org in 40 ms
info t=2019-02-11T06:35:02.309Z Loaded applet removable-drives@cinnamon.org in 34 ms
info t=2019-02-11T06:35:02.419Z Loaded applet user@cinnamon.org in 101 ms
info t=2019-02-11T06:35:02.776Z Loaded applet network@cinnamon.org in 347 ms
info t=2019-02-11T06:35:02.877Z Loaded applet power@cinnamon.org in 88 ms
info t=2019-02-11T06:35:03.029Z Loaded applet calendar@cinnamon.org in 145 ms
info t=2019-02-11T06:35:03.191Z Loaded applet sound@cinnamon.org in 154 ms
info t=2019-02-11T06:35:03.192Z AppletManager.init() started in 2616 ms
info t=2019-02-11T06:35:03.200Z Cinnamon took 4860 ms to start
info t=2019-02-11T06:35:04.710Z Hiding systray: network
info t=2019-02-11T06:35:19.701Z Adding systray: mintupdate.py (24x24px)
info t=2019-02-11T06:35:20.318Z Adding systray: blueman-applet (24x24px)
